<?xml version="1.0" encoding="UTF-8"?>
<testsuite xmlns:xsi="http://www.w3.org/2001/XMLSchema-instance" xsi:noNamespaceSchemaLocation="https://maven.apache.org/surefire/maven-surefire-plugin/xsd/surefire-test-report-3.0.xsd" version="3.0" name="javanewproject.runners.TestRunner" time="41.943" tests="1" errors="0" skipped="0" failures="0">
  <properties>
    <property name="java.specification.version" value="21"/>
    <property name="sun.jnu.encoding" value="UTF-8"/>
    <property name="java.class.path" value="/Users/alexdezho/Documents/Alex/Java_Automation/demoproject/target/test-classes:/Users/alexdezho/Documents/Alex/Java_Automation/demoproject/target/classes:/Users/alexdezho/.m2/repository/org/testng/testng/7.7.0/testng-7.7.0.jar:/Users/alexdezho/.m2/repository/org/slf4j/slf4j-api/1.7.36/slf4j-api-1.7.36.jar:/Users/alexdezho/.m2/repository/com/beust/jcommander/1.82/jcommander-1.82.jar:/Users/alexdezho/.m2/repository/org/webjars/jquery/3.6.1/jquery-3.6.1.jar:/Users/alexdezho/.m2/repository/org/seleniumhq/selenium/selenium-java/4.14.0/selenium-java-4.14.0.jar:/Users/alexdezho/.m2/repository/org/seleniumhq/selenium/selenium-api/4.14.0/selenium-api-4.14.0.jar:/Users/alexdezho/.m2/repository/org/seleniumhq/selenium/selenium-chrome-driver/4.14.0/selenium-chrome-driver-4.14.0.jar:/Users/alexdezho/.m2/repository/com/google/auto/service/auto-service-annotations/1.1.1/auto-service-annotations-1.1.1.jar:/Users/alexdezho/.m2/repository/com/google/guava/guava/32.1.2-jre/guava-32.1.2-jre.jar:/Users/alexdezho/.m2/repository/com/google/guava/failureaccess/1.0.1/failureaccess-1.0.1.jar:/Users/alexdezho/.m2/repository/com/google/guava/listenablefuture/9999.0-empty-to-avoid-conflict-with-guava/listenablefuture-9999.0-empty-to-avoid-conflict-with-guava.jar:/Users/alexdezho/.m2/repository/com/google/code/findbugs/jsr305/3.0.2/jsr305-3.0.2.jar:/Users/alexdezho/.m2/repository/org/checkerframework/checker-qual/3.33.0/checker-qual-3.33.0.jar:/Users/alexdezho/.m2/repository/com/google/errorprone/error_prone_annotations/2.18.0/error_prone_annotations-2.18.0.jar:/Users/alexdezho/.m2/repository/com/google/j2objc/j2objc-annotations/2.8/j2objc-annotations-2.8.jar:/Users/alexdezho/.m2/repository/org/seleniumhq/selenium/selenium-chromium-driver/4.14.0/selenium-chromium-driver-4.14.0.jar:/Users/alexdezho/.m2/repository/org/seleniumhq/selenium/selenium-json/4.14.0/selenium-json-4.14.0.jar:/Users/alexdezho/.m2/repository/org/seleniumhq/selenium/selenium-manager/4.14.0/selenium-manager-4.14.0.jar:/Users/alexdezho/.m2/repository/org/seleniumhq/selenium/selenium-devtools-v116/4.14.0/selenium-devtools-v116-4.14.0.jar:/Users/alexdezho/.m2/repository/org/seleniumhq/selenium/selenium-devtools-v117/4.14.0/selenium-devtools-v117-4.14.0.jar:/Users/alexdezho/.m2/repository/org/seleniumhq/selenium/selenium-devtools-v118/4.14.0/selenium-devtools-v118-4.14.0.jar:/Users/alexdezho/.m2/repository/org/seleniumhq/selenium/selenium-devtools-v85/4.14.0/selenium-devtools-v85-4.14.0.jar:/Users/alexdezho/.m2/repository/org/seleniumhq/selenium/selenium-edge-driver/4.14.0/selenium-edge-driver-4.14.0.jar:/Users/alexdezho/.m2/repository/org/seleniumhq/selenium/selenium-firefox-driver/4.14.0/selenium-firefox-driver-4.14.0.jar:/Users/alexdezho/.m2/repository/org/seleniumhq/selenium/selenium-http/4.14.0/selenium-http-4.14.0.jar:/Users/alexdezho/.m2/repository/dev/failsafe/failsafe/3.3.2/failsafe-3.3.2.jar:/Users/alexdezho/.m2/repository/org/seleniumhq/selenium/selenium-ie-driver/4.14.0/selenium-ie-driver-4.14.0.jar:/Users/alexdezho/.m2/repository/org/seleniumhq/selenium/selenium-remote-driver/4.14.0/selenium-remote-driver-4.14.0.jar:/Users/alexdezho/.m2/repository/io/opentelemetry/opentelemetry-api/1.28.0/opentelemetry-api-1.28.0.jar:/Users/alexdezho/.m2/repository/io/opentelemetry/opentelemetry-context/1.28.0/opentelemetry-context-1.28.0.jar:/Users/alexdezho/.m2/repository/io/opentelemetry/opentelemetry-exporter-logging/1.28.0/opentelemetry-exporter-logging-1.28.0.jar:/Users/alexdezho/.m2/repository/io/opentelemetry/opentelemetry-sdk-metrics/1.28.0/opentelemetry-sdk-metrics-1.28.0.jar:/Users/alexdezho/.m2/repository/io/opentelemetry/opentelemetry-extension-incubator/1.28.0-alpha/opentelemetry-extension-incubator-1.28.0-alpha.jar:/Users/alexdezho/.m2/repository/io/opentelemetry/opentelemetry-sdk-logs/1.28.0/opentelemetry-sdk-logs-1.28.0.jar:/Users/alexdezho/.m2/repository/io/opentelemetry/opentelemetry-sdk-common/1.28.0/opentelemetry-sdk-common-1.28.0.jar:/Users/alexdezho/.m2/repository/io/opentelemetry/opentelemetry-sdk-extension-autoconfigure-spi/1.28.0/opentelemetry-sdk-extension-autoconfigure-spi-1.28.0.jar:/Users/alexdezho/.m2/repository/io/opentelemetry/opentelemetry-sdk-extension-autoconfigure/1.28.0/opentelemetry-sdk-extension-autoconfigure-1.28.0.jar:/Users/alexdezho/.m2/repository/io/opentelemetry/opentelemetry-api-events/1.28.0-alpha/opentelemetry-api-events-1.28.0-alpha.jar:/Users/alexdezho/.m2/repository/io/opentelemetry/opentelemetry-sdk-trace/1.28.0/opentelemetry-sdk-trace-1.28.0.jar:/Users/alexdezho/.m2/repository/io/opentelemetry/opentelemetry-sdk/1.28.0/opentelemetry-sdk-1.28.0.jar:/Users/alexdezho/.m2/repository/io/opentelemetry/opentelemetry-semconv/1.28.0-alpha/opentelemetry-semconv-1.28.0-alpha.jar:/Users/alexdezho/.m2/repository/net/bytebuddy/byte-buddy/1.14.5/byte-buddy-1.14.5.jar:/Users/alexdezho/.m2/repository/org/seleniumhq/selenium/selenium-os/4.14.0/selenium-os-4.14.0.jar:/Users/alexdezho/.m2/repository/org/apache/commons/commons-exec/1.3/commons-exec-1.3.jar:/Users/alexdezho/.m2/repository/org/seleniumhq/selenium/selenium-safari-driver/4.14.0/selenium-safari-driver-4.14.0.jar:/Users/alexdezho/.m2/repository/org/seleniumhq/selenium/selenium-support/4.14.0/selenium-support-4.14.0.jar:/Users/alexdezho/.m2/repository/io/cucumber/cucumber-java/7.14.0/cucumber-java-7.14.0.jar:/Users/alexdezho/.m2/repository/io/cucumber/cucumber-core/7.14.0/cucumber-core-7.14.0.jar:/Users/alexdezho/.m2/repository/io/cucumber/cucumber-gherkin/7.14.0/cucumber-gherkin-7.14.0.jar:/Users/alexdezho/.m2/repository/io/cucumber/cucumber-gherkin-messages/7.14.0/cucumber-gherkin-messages-7.14.0.jar:/Users/alexdezho/.m2/repository/io/cucumber/gherkin/26.2.0/gherkin-26.2.0.jar:/Users/alexdezho/.m2/repository/io/cucumber/messages/22.0.0/messages-22.0.0.jar:/Users/alexdezho/.m2/repository/io/cucumber/tag-expressions/5.0.6/tag-expressions-5.0.6.jar:/Users/alexdezho/.m2/repository/io/cucumber/cucumber-expressions/16.1.2/cucumber-expressions-16.1.2.jar:/Users/alexdezho/.m2/repository/io/cucumber/datatable/7.14.0/datatable-7.14.0.jar:/Users/alexdezho/.m2/repository/io/cucumber/cucumber-plugin/7.14.0/cucumber-plugin-7.14.0.jar:/Users/alexdezho/.m2/repository/io/cucumber/docstring/7.14.0/docstring-7.14.0.jar:/Users/alexdezho/.m2/repository/io/cucumber/html-formatter/20.4.0/html-formatter-20.4.0.jar:/Users/alexdezho/.m2/repository/io/cucumber/junit-xml-formatter/0.2.0/junit-xml-formatter-0.2.0.jar:/Users/alexdezho/.m2/repository/io/cucumber/ci-environment/9.2.0/ci-environment-9.2.0.jar:/Users/alexdezho/.m2/repository/org/apiguardian/apiguardian-api/1.1.2/apiguardian-api-1.1.2.jar:/Users/alexdezho/.m2/repository/io/cucumber/cucumber-testng/7.14.0/cucumber-testng-7.14.0.jar:/Users/alexdezho/.m2/repository/com/fasterxml/jackson/dataformat/jackson-dataformat-yaml/2.15.2/jackson-dataformat-yaml-2.15.2.jar:/Users/alexdezho/.m2/repository/com/fasterxml/jackson/core/jackson-databind/2.15.2/jackson-databind-2.15.2.jar:/Users/alexdezho/.m2/repository/com/fasterxml/jackson/core/jackson-annotations/2.15.2/jackson-annotations-2.15.2.jar:/Users/alexdezho/.m2/repository/org/yaml/snakeyaml/2.0/snakeyaml-2.0.jar:/Users/alexdezho/.m2/repository/com/fasterxml/jackson/core/jackson-core/2.15.2/jackson-core-2.15.2.jar:"/>
    <property name="java.vm.vendor" value="Homebrew"/>
    <property name="sun.arch.data.model" value="64"/>
    <property name="java.vendor.url" value="https://github.com/Homebrew/homebrew-core/issues"/>
    <property name="user.timezone" value="America/Toronto"/>
    <property name="suiteXmlFile" value="testng.xml"/>
    <property name="os.name" value="Mac OS X"/>
    <property name="java.vm.specification.version" value="21"/>
    <property name="sun.java.launcher" value="SUN_STANDARD"/>
    <property name="user.country" value="IL"/>
    <property name="sun.boot.library.path" value="/usr/local/Cellar/openjdk/21.0.3/libexec/openjdk.jdk/Contents/Home/lib"/>
    <property name="sun.java.command" value="/Users/alexdezho/Documents/Alex/Java_Automation/demoproject/target/surefire/surefirebooter-20241208180219624_3.jar /Users/alexdezho/Documents/Alex/Java_Automation/demoproject/target/surefire 2024-12-08T18-02-19_546-jvmRun1 surefire-20241208180219624_1tmp surefire_0-20241208180219624_2tmp"/>
    <property name="http.nonProxyHosts" value="local|*.local|169.254/16|*.169.254/16"/>
    <property name="jdk.debug" value="release"/>
    <property name="surefire.test.class.path" value="/Users/alexdezho/Documents/Alex/Java_Automation/demoproject/target/test-classes:/Users/alexdezho/Documents/Alex/Java_Automation/demoproject/target/classes:/Users/alexdezho/.m2/repository/org/testng/testng/7.7.0/testng-7.7.0.jar:/Users/alexdezho/.m2/repository/org/slf4j/slf4j-api/1.7.36/slf4j-api-1.7.36.jar:/Users/alexdezho/.m2/repository/com/beust/jcommander/1.82/jcommander-1.82.jar:/Users/alexdezho/.m2/repository/org/webjars/jquery/3.6.1/jquery-3.6.1.jar:/Users/alexdezho/.m2/repository/org/seleniumhq/selenium/selenium-java/4.14.0/selenium-java-4.14.0.jar:/Users/alexdezho/.m2/repository/org/seleniumhq/selenium/selenium-api/4.14.0/selenium-api-4.14.0.jar:/Users/alexdezho/.m2/repository/org/seleniumhq/selenium/selenium-chrome-driver/4.14.0/selenium-chrome-driver-4.14.0.jar:/Users/alexdezho/.m2/repository/com/google/auto/service/auto-service-annotations/1.1.1/auto-service-annotations-1.1.1.jar:/Users/alexdezho/.m2/repository/com/google/guava/guava/32.1.2-jre/guava-32.1.2-jre.jar:/Users/alexdezho/.m2/repository/com/google/guava/failureaccess/1.0.1/failureaccess-1.0.1.jar:/Users/alexdezho/.m2/repository/com/google/guava/listenablefuture/9999.0-empty-to-avoid-conflict-with-guava/listenablefuture-9999.0-empty-to-avoid-conflict-with-guava.jar:/Users/alexdezho/.m2/repository/com/google/code/findbugs/jsr305/3.0.2/jsr305-3.0.2.jar:/Users/alexdezho/.m2/repository/org/checkerframework/checker-qual/3.33.0/checker-qual-3.33.0.jar:/Users/alexdezho/.m2/repository/com/google/errorprone/error_prone_annotations/2.18.0/error_prone_annotations-2.18.0.jar:/Users/alexdezho/.m2/repository/com/google/j2objc/j2objc-annotations/2.8/j2objc-annotations-2.8.jar:/Users/alexdezho/.m2/repository/org/seleniumhq/selenium/selenium-chromium-driver/4.14.0/selenium-chromium-driver-4.14.0.jar:/Users/alexdezho/.m2/repository/org/seleniumhq/selenium/selenium-json/4.14.0/selenium-json-4.14.0.jar:/Users/alexdezho/.m2/repository/org/seleniumhq/selenium/selenium-manager/4.14.0/selenium-manager-4.14.0.jar:/Users/alexdezho/.m2/repository/org/seleniumhq/selenium/selenium-devtools-v116/4.14.0/selenium-devtools-v116-4.14.0.jar:/Users/alexdezho/.m2/repository/org/seleniumhq/selenium/selenium-devtools-v117/4.14.0/selenium-devtools-v117-4.14.0.jar:/Users/alexdezho/.m2/repository/org/seleniumhq/selenium/selenium-devtools-v118/4.14.0/selenium-devtools-v118-4.14.0.jar:/Users/alexdezho/.m2/repository/org/seleniumhq/selenium/selenium-devtools-v85/4.14.0/selenium-devtools-v85-4.14.0.jar:/Users/alexdezho/.m2/repository/org/seleniumhq/selenium/selenium-edge-driver/4.14.0/selenium-edge-driver-4.14.0.jar:/Users/alexdezho/.m2/repository/org/seleniumhq/selenium/selenium-firefox-driver/4.14.0/selenium-firefox-driver-4.14.0.jar:/Users/alexdezho/.m2/repository/org/seleniumhq/selenium/selenium-http/4.14.0/selenium-http-4.14.0.jar:/Users/alexdezho/.m2/repository/dev/failsafe/failsafe/3.3.2/failsafe-3.3.2.jar:/Users/alexdezho/.m2/repository/org/seleniumhq/selenium/selenium-ie-driver/4.14.0/selenium-ie-driver-4.14.0.jar:/Users/alexdezho/.m2/repository/org/seleniumhq/selenium/selenium-remote-driver/4.14.0/selenium-remote-driver-4.14.0.jar:/Users/alexdezho/.m2/repository/io/opentelemetry/opentelemetry-api/1.28.0/opentelemetry-api-1.28.0.jar:/Users/alexdezho/.m2/repository/io/opentelemetry/opentelemetry-context/1.28.0/opentelemetry-context-1.28.0.jar:/Users/alexdezho/.m2/repository/io/opentelemetry/opentelemetry-exporter-logging/1.28.0/opentelemetry-exporter-logging-1.28.0.jar:/Users/alexdezho/.m2/repository/io/opentelemetry/opentelemetry-sdk-metrics/1.28.0/opentelemetry-sdk-metrics-1.28.0.jar:/Users/alexdezho/.m2/repository/io/opentelemetry/opentelemetry-extension-incubator/1.28.0-alpha/opentelemetry-extension-incubator-1.28.0-alpha.jar:/Users/alexdezho/.m2/repository/io/opentelemetry/opentelemetry-sdk-logs/1.28.0/opentelemetry-sdk-logs-1.28.0.jar:/Users/alexdezho/.m2/repository/io/opentelemetry/opentelemetry-sdk-common/1.28.0/opentelemetry-sdk-common-1.28.0.jar:/Users/alexdezho/.m2/repository/io/opentelemetry/opentelemetry-sdk-extension-autoconfigure-spi/1.28.0/opentelemetry-sdk-extension-autoconfigure-spi-1.28.0.jar:/Users/alexdezho/.m2/repository/io/opentelemetry/opentelemetry-sdk-extension-autoconfigure/1.28.0/opentelemetry-sdk-extension-autoconfigure-1.28.0.jar:/Users/alexdezho/.m2/repository/io/opentelemetry/opentelemetry-api-events/1.28.0-alpha/opentelemetry-api-events-1.28.0-alpha.jar:/Users/alexdezho/.m2/repository/io/opentelemetry/opentelemetry-sdk-trace/1.28.0/opentelemetry-sdk-trace-1.28.0.jar:/Users/alexdezho/.m2/repository/io/opentelemetry/opentelemetry-sdk/1.28.0/opentelemetry-sdk-1.28.0.jar:/Users/alexdezho/.m2/repository/io/opentelemetry/opentelemetry-semconv/1.28.0-alpha/opentelemetry-semconv-1.28.0-alpha.jar:/Users/alexdezho/.m2/repository/net/bytebuddy/byte-buddy/1.14.5/byte-buddy-1.14.5.jar:/Users/alexdezho/.m2/repository/org/seleniumhq/selenium/selenium-os/4.14.0/selenium-os-4.14.0.jar:/Users/alexdezho/.m2/repository/org/apache/commons/commons-exec/1.3/commons-exec-1.3.jar:/Users/alexdezho/.m2/repository/org/seleniumhq/selenium/selenium-safari-driver/4.14.0/selenium-safari-driver-4.14.0.jar:/Users/alexdezho/.m2/repository/org/seleniumhq/selenium/selenium-support/4.14.0/selenium-support-4.14.0.jar:/Users/alexdezho/.m2/repository/io/cucumber/cucumber-java/7.14.0/cucumber-java-7.14.0.jar:/Users/alexdezho/.m2/repository/io/cucumber/cucumber-core/7.14.0/cucumber-core-7.14.0.jar:/Users/alexdezho/.m2/repository/io/cucumber/cucumber-gherkin/7.14.0/cucumber-gherkin-7.14.0.jar:/Users/alexdezho/.m2/repository/io/cucumber/cucumber-gherkin-messages/7.14.0/cucumber-gherkin-messages-7.14.0.jar:/Users/alexdezho/.m2/repository/io/cucumber/gherkin/26.2.0/gherkin-26.2.0.jar:/Users/alexdezho/.m2/repository/io/cucumber/messages/22.0.0/messages-22.0.0.jar:/Users/alexdezho/.m2/repository/io/cucumber/tag-expressions/5.0.6/tag-expressions-5.0.6.jar:/Users/alexdezho/.m2/repository/io/cucumber/cucumber-expressions/16.1.2/cucumber-expressions-16.1.2.jar:/Users/alexdezho/.m2/repository/io/cucumber/datatable/7.14.0/datatable-7.14.0.jar:/Users/alexdezho/.m2/repository/io/cucumber/cucumber-plugin/7.14.0/cucumber-plugin-7.14.0.jar:/Users/alexdezho/.m2/repository/io/cucumber/docstring/7.14.0/docstring-7.14.0.jar:/Users/alexdezho/.m2/repository/io/cucumber/html-formatter/20.4.0/html-formatter-20.4.0.jar:/Users/alexdezho/.m2/repository/io/cucumber/junit-xml-formatter/0.2.0/junit-xml-formatter-0.2.0.jar:/Users/alexdezho/.m2/repository/io/cucumber/ci-environment/9.2.0/ci-environment-9.2.0.jar:/Users/alexdezho/.m2/repository/org/apiguardian/apiguardian-api/1.1.2/apiguardian-api-1.1.2.jar:/Users/alexdezho/.m2/repository/io/cucumber/cucumber-testng/7.14.0/cucumber-testng-7.14.0.jar:/Users/alexdezho/.m2/repository/com/fasterxml/jackson/dataformat/jackson-dataformat-yaml/2.15.2/jackson-dataformat-yaml-2.15.2.jar:/Users/alexdezho/.m2/repository/com/fasterxml/jackson/core/jackson-databind/2.15.2/jackson-databind-2.15.2.jar:/Users/alexdezho/.m2/repository/com/fasterxml/jackson/core/jackson-annotations/2.15.2/jackson-annotations-2.15.2.jar:/Users/alexdezho/.m2/repository/org/yaml/snakeyaml/2.0/snakeyaml-2.0.jar:/Users/alexdezho/.m2/repository/com/fasterxml/jackson/core/jackson-core/2.15.2/jackson-core-2.15.2.jar:"/>
    <property name="sun.cpu.endian" value="little"/>
    <property name="user.home" value="/Users/alexdezho"/>
    <property name="user.language" value="en"/>
    <property name="java.specification.vendor" value="Oracle Corporation"/>
    <property name="java.version.date" value="2024-04-16"/>
    <property name="java.home" value="/usr/local/Cellar/openjdk/21.0.3/libexec/openjdk.jdk/Contents/Home"/>
    <property name="file.separator" value="/"/>
    <property name="basedir" value="/Users/alexdezho/Documents/Alex/Java_Automation/demoproject"/>
    <property name="java.vm.compressedOopsMode" value="Zero based"/>
    <property name="line.separator" value="&#10;"/>
    <property name="java.vm.specification.vendor" value="Oracle Corporation"/>
    <property name="java.specification.name" value="Java Platform API Specification"/>
    <property name="apple.awt.application.name" value="ForkedBooter"/>
    <property name="surefire.real.class.path" value="/Users/alexdezho/Documents/Alex/Java_Automation/demoproject/target/surefire/surefirebooter-20241208180219624_3.jar"/>
    <property name="sun.management.compiler" value="HotSpot 64-Bit Tiered Compilers"/>
    <property name="ftp.nonProxyHosts" value="local|*.local|169.254/16|*.169.254/16"/>
    <property name="java.runtime.version" value="21.0.3"/>
    <property name="user.name" value="alexdezho"/>
    <property name="stdout.encoding" value="UTF-8"/>
    <property name="path.separator" value=":"/>
    <property name="os.version" value="15.1.1"/>
    <property name="java.runtime.name" value="OpenJDK Runtime Environment"/>
    <property name="file.encoding" value="UTF-8"/>
    <property name="java.vm.name" value="OpenJDK 64-Bit Server VM"/>
    <property name="java.vendor.version" value="Homebrew"/>
    <property name="localRepository" value="/Users/alexdezho/.m2/repository"/>
    <property name="java.vendor.url.bug" value="https://github.com/Homebrew/homebrew-core/issues"/>
    <property name="java.io.tmpdir" value="/var/folders/gh/b96517150vsgsqglp87swtrw0000gn/T/"/>
    <property name="java.version" value="21.0.3"/>
    <property name="user.dir" value="/Users/alexdezho/Documents/Alex/Java_Automation/demoproject"/>
    <property name="os.arch" value="x86_64"/>
    <property name="java.vm.specification.name" value="Java Virtual Machine Specification"/>
    <property name="native.encoding" value="UTF-8"/>
    <property name="java.library.path" value="/Users/alexdezho/Library/Java/Extensions:/Library/Java/Extensions:/Network/Library/Java/Extensions:/System/Library/Java/Extensions:/usr/lib/java:."/>
    <property name="java.vm.info" value="mixed mode, sharing"/>
    <property name="stderr.encoding" value="UTF-8"/>
    <property name="java.vendor" value="Homebrew"/>
    <property name="java.vm.version" value="21.0.3"/>
    <property name="sun.io.unicode.encoding" value="UnicodeBig"/>
    <property name="socksNonProxyHosts" value="local|*.local|169.254/16|*.169.254/16"/>
    <property name="java.class.version" value="65.0"/>
  </properties>
  <testcase name="runScenario[&quot;Search for BMW Canada&quot;, &quot;Google Search&quot;](1)" classname="javanewproject.runners.TestRunner" time="41.147">
    <system-out><![CDATA[
Scenario: Search for BMW Canada          &amp#27;[90m# src/test/resources/features/GoogleSearch.feature:3&amp#27;[0m
  &amp#27;[32mGiven &amp#27;[0m&amp#27;[32mI open Google homepage&amp#27;[0m           &amp#27;[90m# javanewproject.steps.GoogleSearchSteps.i_open_google_homepage()&amp#27;[0m
  &amp#27;[32mWhen &amp#27;[0m&amp#27;[32mI search for &amp#27;[0m&amp#27;[32m&amp#27;[1m"bmw canada website"&amp#27;[0m &amp#27;[90m# javanewproject.steps.GoogleSearchSteps.i_search_for(java.lang.String)&amp#27;[0m
  &amp#27;[32mThen &amp#27;[0m&amp#27;[32mI click the BMW Canada link&amp#27;[0m       &amp#27;[90m# javanewproject.steps.GoogleSearchSteps.i_click_the_bmw_canada_link()&amp#27;[0m
  &amp#27;[32mAnd &amp#27;[0m&amp#27;[32mI wait for &amp#27;[0m&amp#27;[32m&amp#27;[1m30&amp#27;[0m&amp#27;[32m seconds&amp#27;[0m              &amp#27;[90m# javanewproject.steps.GoogleSearchSteps.i_wait_for_seconds(java.lang.Integer)&amp#27;[0m
]]></system-out>
    <system-err><![CDATA[SLF4J: Failed to load class "org.slf4j.impl.StaticLoggerBinder".
SLF4J: Defaulting to no-operation (NOP) logger implementation
SLF4J: See http://www.slf4j.org/codes.html#StaticLoggerBinder for further details.
Dec 08, 2024 6:02:24 PM org.openqa.selenium.devtools.CdpVersionFinder findNearestMatch
WARNING: Unable to find CDP implementation matching 131
Dec 08, 2024 6:02:24 PM org.openqa.selenium.chromium.ChromiumDriver lambda$new$5
WARNING: Unable to find version of CDP to use for 131.0.6778.109. You may need to include a dependency on a specific version of the CDP using something similar to `org.seleniumhq.selenium:selenium-devtools-v86:4.14.0` where the version ("v86") matches the version of the chromium-based browser you're using and the version number of the artifact is the same as Selenium's.
]]></system-err>
  </testcase>
</testsuite>