<?xml version="1.0" encoding="UTF-8"?>
<!-- Generated by org.testng.reporters.JUnitReportReporter -->
<testsuite hostname="Alexs-MacBook-Pro.local" failures="0" tests="1" name="javanewproject.runners.TestRunner" time="41.147" errors="0" timestamp="2024-12-08T18:03:01 GMT-05:00" skipped="0">
  <testcase classname="javanewproject.runners.TestRunner" name="runScenario" time="41.147"/>
  <system-out/>
</testsuite> <!-- javanewproject.runners.TestRunner -->
